2026-07-18 09:24:57 - Targets: ('clashmeta', 'ndnode', 'nodev2ray', 'nodefree', 'v2rayshare', 'wenode')
2026-07-18 09:24:57 - Loaded config keys: ['clashmeta', 'ndnode', 'nodev2ray', 'nodefree', 'v2rayshare', 'wenode']
2026-07-18 09:24:57 - [OK] Configuration for 'clashmeta' is valid.
2026-07-18 09:24:57 - [OK] Configuration for 'ndnode' is valid.
2026-07-18 09:24:57 - [OK] Configuration for 'nodev2ray' is valid.
2026-07-18 09:24:57 - [OK] Configuration for 'nodefree' is valid.
2026-07-18 09:24:57 - [OK] Configuration for 'v2rayshare' is valid.
2026-07-18 09:24:57 - [OK] Configuration for 'wenode' is valid.
2026-07-18 09:24:57 - 
============================================================
2026-07-18 09:24:57 - === Starting Crawl ===
2026-07-18 09:24:57 - Max workers: 3
2026-07-18 09:24:57 - ============================================================
2026-07-18 09:24:57 - Running in concurrent mode with 3 workers...
2026-07-18 09:24:57 - 
============================================================
2026-07-18 09:24:57 - clashmeta start
2026-07-18 09:24:57 - ============================================================
2026-07-18 09:24:57 - 
============================================================
2026-07-18 09:24:57 - ndnode start
2026-07-18 09:24:57 - ============================================================
2026-07-18 09:24:57 - 
============================================================
2026-07-18 09:24:57 - nodev2ray start
2026-07-18 09:24:57 - ============================================================
2026-07-18 09:24:57 - clashmeta _parse_tag /free-nodes/2026-7-15-free-node-subscribe-links.htm
2026-07-18 09:24:57 - clashmeta found /free-nodes/2026-7-15-free-node-subscribe-links.htm on 2026-07-15
2026-07-18 09:24:57 - clashmeta _parse_tag /free-nodes/2026-7-15-free-node-subscribe-links.htm
2026-07-18 09:24:57 - clashmeta found /free-nodes/2026-7-15-free-node-subscribe-links.htm on 2026-07-15
2026-07-18 09:24:57 - clashmeta _parse_tag /free-nodes/2026-7-14-node-share.htm
2026-07-18 09:24:57 - clashmeta found /free-nodes/2026-7-14-node-share.htm on 2026-07-14
2026-07-18 09:24:57 - clashmeta _parse_tag /free-nodes/2026-7-14-node-share.htm
2026-07-18 09:24:57 - clashmeta found /free-nodes/2026-7-14-node-share.htm on 2026-07-14
2026-07-18 09:24:57 - clashmeta _parse_tag /free-nodes/2026-7-13-node-share-links.htm
2026-07-18 09:24:57 - clashmeta found /free-nodes/2026-7-13-node-share-links.htm on 2026-07-13
2026-07-18 09:24:57 - clashmeta _parse_tag /free-nodes/2026-7-13-node-share-links.htm
2026-07-18 09:24:57 - clashmeta found /free-nodes/2026-7-13-node-share-links.htm on 2026-07-13
2026-07-18 09:24:57 - clashmeta _parse_tag /free-nodes/2026-7-12-free-subscribe-node.htm
2026-07-18 09:24:57 - clashmeta found /free-nodes/2026-7-12-free-subscribe-node.htm on 2026-07-12
2026-07-18 09:24:57 - clashmeta _parse_tag /free-nodes/2026-7-12-free-subscribe-node.htm
2026-07-18 09:24:57 - clashmeta found /free-nodes/2026-7-12-free-subscribe-node.htm on 2026-07-12
2026-07-18 09:24:57 - clashmeta _parse_tag /free-nodes/2026-7-11-clash-meta-windows.htm
2026-07-18 09:24:57 - clashmeta found /free-nodes/2026-7-11-clash-meta-windows.htm on 2026-07-11
2026-07-18 09:24:57 - clashmeta _parse_tag /free-nodes/2026-7-11-clash-meta-windows.htm
2026-07-18 09:24:57 - clashmeta found /free-nodes/2026-7-11-clash-meta-windows.htm on 2026-07-11
2026-07-18 09:24:57 - clashmeta _parse_tag /free-nodes/2026-7-10-today-clash-meta-node.htm
2026-07-18 09:24:57 - clashmeta found /free-nodes/2026-7-10-today-clash-meta-node.htm on 2026-07-10
2026-07-18 09:24:57 - clashmeta _parse_tag /free-nodes/2026-7-10-today-clash-meta-node.htm
2026-07-18 09:24:57 - clashmeta found /free-nodes/2026-7-10-today-clash-meta-node.htm on 2026-07-10
2026-07-18 09:24:57 - clashmeta _parse_tag /free-nodes/2026-7-9-free-node-subscribe-links.htm
2026-07-18 09:24:57 - clashmeta found /free-nodes/2026-7-9-free-node-subscribe-links.htm on 2026-07-09
2026-07-18 09:24:57 - clashmeta _parse_tag /free-nodes/2026-7-9-free-node-subscribe-links.htm
2026-07-18 09:24:57 - clashmeta found /free-nodes/2026-7-9-free-node-subscribe-links.htm on 2026-07-09
2026-07-18 09:24:57 - clashmeta _parse_tag /free-nodes/2026-7-8-node-share.htm
2026-07-18 09:24:57 - clashmeta found /free-nodes/2026-7-8-node-share.htm on 2026-07-08
2026-07-18 09:24:57 - clashmeta _parse_tag /free-nodes/2026-7-8-node-share.htm
2026-07-18 09:24:57 - clashmeta found /free-nodes/2026-7-8-node-share.htm on 2026-07-08
2026-07-18 09:24:57 - clashmeta _parse_tag /free-nodes/2026-7-7-clash-meta-windows.htm
2026-07-18 09:24:57 - clashmeta found /free-nodes/2026-7-7-clash-meta-windows.htm on 2026-07-07
2026-07-18 09:24:57 - clashmeta _parse_tag /free-nodes/2026-7-7-clash-meta-windows.htm
2026-07-18 09:24:57 - clashmeta found /free-nodes/2026-7-7-clash-meta-windows.htm on 2026-07-07
2026-07-18 09:24:57 - clashmeta _parse_tag /free-nodes/2026-7-6-free-node-subscribe.htm
2026-07-18 09:24:57 - clashmeta found /free-nodes/2026-7-6-free-node-subscribe.htm on 2026-07-06
2026-07-18 09:24:57 - clashmeta _parse_tag /free-nodes/2026-7-6-free-node-subscribe.htm
2026-07-18 09:24:57 - clashmeta found /free-nodes/2026-7-6-free-node-subscribe.htm on 2026-07-06
2026-07-18 09:24:57 - clashmeta _parse_tag /free-nodes/2026-7-5-clash-meta-node-share.htm
2026-07-18 09:24:57 - clashmeta found /free-nodes/2026-7-5-clash-meta-node-share.htm on 2026-07-05
2026-07-18 09:24:57 - clashmeta _parse_tag /free-nodes/2026-7-5-clash-meta-node-share.htm
2026-07-18 09:24:57 - clashmeta found /free-nodes/2026-7-5-clash-meta-node-share.htm on 2026-07-05
2026-07-18 09:24:57 - clashmeta _parse_tag /free-nodes/2026-7-4-clash-meta-github.htm
2026-07-18 09:24:57 - clashmeta found /free-nodes/2026-7-4-clash-meta-github.htm on 2026-07-04
2026-07-18 09:24:57 - clashmeta _parse_tag /free-nodes/2026-7-4-clash-meta-github.htm
2026-07-18 09:24:57 - clashmeta found /free-nodes/2026-7-4-clash-meta-github.htm on 2026-07-04
2026-07-18 09:24:57 - clashmeta _parse_tag /free-nodes/2026-7-3-free-node-subscribe-links.htm
2026-07-18 09:24:57 - clashmeta found /free-nodes/2026-7-3-free-node-subscribe-links.htm on 2026-07-03
2026-07-18 09:24:57 - clashmeta _parse_tag /free-nodes/2026-7-3-free-node-subscribe-links.htm
2026-07-18 09:24:57 - clashmeta found /free-nodes/2026-7-3-free-node-subscribe-links.htm on 2026-07-03
2026-07-18 09:24:57 - clashmeta _parse_tag /free-nodes/2026-7-2-free-node-subscribe.htm
2026-07-18 09:24:57 - clashmeta found /free-nodes/2026-7-2-free-node-subscribe.htm on 2026-07-02
2026-07-18 09:24:57 - clashmeta _parse_tag /free-nodes/2026-7-2-free-node-subscribe.htm
2026-07-18 09:24:57 - clashmeta found /free-nodes/2026-7-2-free-node-subscribe.htm on 2026-07-02
2026-07-18 09:24:57 - clashmeta _parse_tag /free-nodes/2026-7-1-clash-meta-node-share.htm
2026-07-18 09:24:57 - clashmeta found /free-nodes/2026-7-1-clash-meta-node-share.htm on 2026-07-01
2026-07-18 09:24:57 - clashmeta _parse_tag /free-nodes/2026-7-1-clash-meta-node-share.htm
2026-07-18 09:24:57 - clashmeta found /free-nodes/2026-7-1-clash-meta-node-share.htm on 2026-07-01
2026-07-18 09:24:57 - clashmeta _parse_tag /free-nodes/2026-6-30-today-clash-meta-node.htm
2026-07-18 09:24:57 - clashmeta found /free-nodes/2026-6-30-today-clash-meta-node.htm on 2026-06-30
2026-07-18 09:24:57 - clashmeta _parse_tag /free-nodes/2026-6-30-today-clash-meta-node.htm
2026-07-18 09:24:57 - clashmeta found /free-nodes/2026-6-30-today-clash-meta-node.htm on 2026-06-30
2026-07-18 09:24:57 - clashmeta _parse_tag /free-nodes/2026-6-29-clash-meta-windows.htm
2026-07-18 09:24:57 - clashmeta found /free-nodes/2026-6-29-clash-meta-windows.htm on 2026-06-29
2026-07-18 09:24:57 - clashmeta _parse_tag /free-nodes/2026-6-29-clash-meta-windows.htm
2026-07-18 09:24:57 - clashmeta found /free-nodes/2026-6-29-clash-meta-windows.htm on 2026-06-29
2026-07-18 09:24:57 - clashmeta _parse_tag /free-nodes/2026-6-28-free-subscribe-node.htm
2026-07-18 09:24:57 - clashmeta found /free-nodes/2026-6-28-free-subscribe-node.htm on 2026-06-28
2026-07-18 09:24:57 - clashmeta _parse_tag /free-nodes/2026-6-28-free-subscribe-node.htm
2026-07-18 09:24:57 - clashmeta found /free-nodes/2026-6-28-free-subscribe-node.htm on 2026-06-28
2026-07-18 09:24:57 - clashmeta _parse_tag /free-nodes/2026-6-27-clash-meta-node-share.htm
2026-07-18 09:24:57 - clashmeta found /free-nodes/2026-6-27-clash-meta-node-share.htm on 2026-06-27
2026-07-18 09:24:57 - clashmeta _parse_tag /free-nodes/2026-6-27-clash-meta-node-share.htm
2026-07-18 09:24:57 - clashmeta found /free-nodes/2026-6-27-clash-meta-node-share.htm on 2026-06-27
2026-07-18 09:24:57 - clashmeta _parse_tag /free-nodes/2026-6-26-node-share.htm
2026-07-18 09:24:57 - clashmeta found /free-nodes/2026-6-26-node-share.htm on 2026-06-26
2026-07-18 09:24:57 - clashmeta _parse_tag /free-nodes/2026-6-26-node-share.htm
2026-07-18 09:24:57 - clashmeta found /free-nodes/2026-6-26-node-share.htm on 2026-06-26
2026-07-18 09:24:57 - clashmeta latest date on website: 2026-07-15, configured up_date: 2026-07-01
2026-07-18 09:24:57 - clashmeta has updates! Processing latest links...
2026-07-18 09:24:57 - 
clashmeta processing /free-nodes/2026-7-15-free-node-subscribe-links.htm (2026-07-15)
2026-07-18 09:24:57 - clashmeta accessing https://clash-meta.github.io/free-nodes/2026-7-15-free-node-subscribe-links.htm
2026-07-18 09:24:57 - clashmeta _find_links()
2026-07-18 09:24:57 - clashmeta could not parse https://clash-meta.github.io/uploads/20240803-1/086ca1473e09e12d4742ba3f10c78733.webp" /, skipping
2026-07-18 09:24:57 - clashmeta found https://clash-meta.github.io/uploads/2026/07/0-20260715.yaml
2026-07-18 09:24:57 - clashmeta found https://clash-meta.github.io/uploads/2026/07/3-20260715.yaml
2026-07-18 09:24:57 - clashmeta found https://clash-meta.github.io/uploads/2026/07/0-20260715.txt
2026-07-18 09:24:57 - clashmeta found https://clash-meta.github.io/uploads/2026/07/1-20260715.txt
2026-07-18 09:24:57 - clashmeta found https://clash-meta.github.io/uploads/2026/07/2-20260715.txt
2026-07-18 09:24:57 - clashmeta found https://clash-meta.github.io/uploads/2026/07/3-20260715.txt
2026-07-18 09:24:57 - clashmeta could not parse https://clash-meta.github.io/uploads/2026/07/20260715.json, skipping
2026-07-18 09:24:57 - ndnode _parse_tag https://naidounode.com/ndid/2026-07-18/
2026-07-18 09:24:57 - ndnode found https://naidounode.com/ndid/2026-07-18/ on 2026-07-18
2026-07-18 09:24:57 - ndnode _parse_tag https://naidounode.com/ndid/2026-07-17/
2026-07-18 09:24:57 - ndnode found https://naidounode.com/ndid/2026-07-17/ on 2026-07-17
2026-07-18 09:24:57 - ndnode _parse_tag https://naidounode.com/ndid/2026-07-16/
2026-07-18 09:24:57 - ndnode found https://naidounode.com/ndid/2026-07-16/ on 2026-07-16
2026-07-18 09:24:57 - ndnode _parse_tag https://naidounode.com/ndid/2026-07-15/
2026-07-18 09:24:57 - ndnode found https://naidounode.com/ndid/2026-07-15/ on 2026-07-15
2026-07-18 09:24:57 - ndnode _parse_tag https://naidounode.com/ndid/2026-07-14/
2026-07-18 09:24:57 - ndnode found https://naidounode.com/ndid/2026-07-14/ on 2026-07-14
2026-07-18 09:24:57 - ndnode _parse_tag https://naidounode.com/ndid/2026-07-13/
2026-07-18 09:24:57 - ndnode found https://naidounode.com/ndid/2026-07-13/ on 2026-07-13
2026-07-18 09:24:57 - ndnode _parse_tag https://naidounode.com/ndid/2026-07-12/
2026-07-18 09:24:57 - ndnode found https://naidounode.com/ndid/2026-07-12/ on 2026-07-12
2026-07-18 09:24:57 - ndnode _parse_tag https://naidounode.com/ndid/2026-07-11/
2026-07-18 09:24:57 - ndnode found https://naidounode.com/ndid/2026-07-11/ on 2026-07-11
2026-07-18 09:24:57 - ndnode _parse_tag https://naidounode.com/ndid/2026-07-10/
2026-07-18 09:24:57 - ndnode found https://naidounode.com/ndid/2026-07-10/ on 2026-07-10
2026-07-18 09:24:57 - ndnode _parse_tag https://naidounode.com/ndid/2026-07-09/
2026-07-18 09:24:57 - ndnode found https://naidounode.com/ndid/2026-07-09/ on 2026-07-09
2026-07-18 09:24:57 - ndnode latest date on website: 2026-07-18, configured up_date: 2026-04-14
2026-07-18 09:24:57 - ndnode has updates! Processing latest links...
2026-07-18 09:24:57 - 
ndnode processing https://naidounode.com/ndid/2026-07-18/ (2026-07-18)
2026-07-18 09:24:57 - ndnode accessing https://naidounode.com/ndid/2026-07-18/
2026-07-18 09:24:57 - ndnode _find_links()
2026-07-18 09:24:57 - 
ndnode processing https://naidounode.com/ndid/2026-07-17/ (2026-07-17)
2026-07-18 09:24:57 - ndnode accessing https://naidounode.com/ndid/2026-07-17/
2026-07-18 09:24:57 -   [WARN] Invalid YAML structure for clashmeta, type=NoneType, keys=N/A
2026-07-18 09:24:57 - ndnode _find_links()
2026-07-18 09:24:57 - 
ndnode processing https://naidounode.com/ndid/2026-07-16/ (2026-07-16)
2026-07-18 09:24:57 - ndnode accessing https://naidounode.com/ndid/2026-07-16/
2026-07-18 09:24:57 -   [WARN] Invalid YAML structure for clashmeta, type=NoneType, keys=N/A
2026-07-18 09:24:57 - ndnode _find_links()
2026-07-18 09:24:57 - 
ndnode WARNING: No files were successfully downloaded
2026-07-18 09:24:57 - 
============================================================
2026-07-18 09:24:57 - nodefree start
2026-07-18 09:24:57 - ============================================================
2026-07-18 09:24:57 - Target completed: ndnode [[FAIL] Failed]
2026-07-18 09:24:57 -   [WARN] TXT content too small for clashmeta, skipping
2026-07-18 09:24:57 -   [WARN] TXT content too small for clashmeta, skipping
2026-07-18 09:24:57 -   [WARN] TXT content too small for clashmeta, skipping
2026-07-18 09:24:57 -   [WARN] TXT content too small for clashmeta, skipping
2026-07-18 09:24:57 - 
clashmeta processing /free-nodes/2026-7-15-free-node-subscribe-links.htm (2026-07-15)
2026-07-18 09:24:57 - clashmeta accessing https://clash-meta.github.io/free-nodes/2026-7-15-free-node-subscribe-links.htm
2026-07-18 09:24:57 - nodev2ray ERROR: No matching tags found
2026-07-18 09:24:57 - 
============================================================
2026-07-18 09:24:57 - v2rayshare start
2026-07-18 09:24:57 - ============================================================
2026-07-18 09:24:57 - Target completed: nodev2ray [[FAIL] Failed]
2026-07-18 09:24:57 - clashmeta _find_links()
2026-07-18 09:24:57 - clashmeta could not parse https://clash-meta.github.io/uploads/20240803-1/086ca1473e09e12d4742ba3f10c78733.webp" /, skipping
2026-07-18 09:24:57 - clashmeta found https://clash-meta.github.io/uploads/2026/07/0-20260715.yaml
2026-07-18 09:24:57 - clashmeta found https://clash-meta.github.io/uploads/2026/07/3-20260715.yaml
2026-07-18 09:24:57 - clashmeta found https://clash-meta.github.io/uploads/2026/07/0-20260715.txt
2026-07-18 09:24:57 - clashmeta found https://clash-meta.github.io/uploads/2026/07/1-20260715.txt
2026-07-18 09:24:57 - clashmeta found https://clash-meta.github.io/uploads/2026/07/2-20260715.txt
2026-07-18 09:24:57 - clashmeta found https://clash-meta.github.io/uploads/2026/07/3-20260715.txt
2026-07-18 09:24:57 - clashmeta could not parse https://clash-meta.github.io/uploads/2026/07/20260715.json, skipping
2026-07-18 09:24:57 -   [WARN] Invalid YAML structure for clashmeta, type=NoneType, keys=N/A
2026-07-18 09:24:57 -   [WARN] Invalid YAML structure for clashmeta, type=NoneType, keys=N/A
2026-07-18 09:24:57 -   [WARN] TXT content too small for clashmeta, skipping
2026-07-18 09:24:57 -   [WARN] TXT content too small for clashmeta, skipping
2026-07-18 09:24:57 -   [WARN] TXT content too small for clashmeta, skipping
2026-07-18 09:24:57 -   [WARN] TXT content too small for clashmeta, skipping
2026-07-18 09:24:57 - 
clashmeta processing /free-nodes/2026-7-14-node-share.htm (2026-07-14)
2026-07-18 09:24:57 - clashmeta accessing https://clash-meta.github.io/free-nodes/2026-7-14-node-share.htm
2026-07-18 09:24:57 - nodefree _parse_tag https://nodefree.me/p/3721.html
2026-07-18 09:24:57 - nodefree found https://nodefree.me/p/3721.html on 2026-07-18
2026-07-18 09:24:57 - nodefree _parse_tag https://nodefree.me/p/3722.html
2026-07-18 09:24:57 - nodefree found https://nodefree.me/p/3722.html on 2026-07-17
2026-07-18 09:24:57 - nodefree _parse_tag https://nodefree.me/p/3723.html
2026-07-18 09:24:57 - nodefree found https://nodefree.me/p/3723.html on 2026-07-16
2026-07-18 09:24:57 - nodefree _parse_tag https://nodefree.me/p/3724.html
2026-07-18 09:24:57 - nodefree found https://nodefree.me/p/3724.html on 2026-07-15
2026-07-18 09:24:57 - nodefree _parse_tag https://nodefree.me/p/3725.html
2026-07-18 09:24:57 - nodefree found https://nodefree.me/p/3725.html on 2026-07-14
2026-07-18 09:24:57 - nodefree _parse_tag https://nodefree.me/p/3726.html
2026-07-18 09:24:57 - nodefree found https://nodefree.me/p/3726.html on 2026-07-13
2026-07-18 09:24:57 - nodefree _parse_tag https://nodefree.me/p/3727.html
2026-07-18 09:24:57 - nodefree found https://nodefree.me/p/3727.html on 2026-07-12
2026-07-18 09:24:57 - nodefree _parse_tag https://nodefree.me/p/3728.html
2026-07-18 09:24:57 - nodefree found https://nodefree.me/p/3728.html on 2026-07-11
2026-07-18 09:24:57 - nodefree _parse_tag https://nodefree.me/p/3729.html
2026-07-18 09:24:57 - nodefree found https://nodefree.me/p/3729.html on 2026-07-10
2026-07-18 09:24:57 - nodefree _parse_tag https://nodefree.me/p/3730.html
2026-07-18 09:24:57 - nodefree found https://nodefree.me/p/3730.html on 2026-07-09
2026-07-18 09:24:57 - nodefree latest date on website: 2026-07-18, configured up_date: 2026-07-18
2026-07-18 09:24:57 - nodefree is up to date, skipping (latest: 2026-07-18)
2026-07-18 09:24:57 - 
============================================================
2026-07-18 09:24:57 - Target completed: nodefree [[OK] Success]
2026-07-18 09:24:57 - wenode start
2026-07-18 09:24:57 - ============================================================
2026-07-18 09:24:58 - clashmeta _find_links()
2026-07-18 09:24:58 - clashmeta could not parse https://clash-meta.github.io/uploads/20240803-1/1a6501d886cfe8cb980be10e0675e6a4.webp" /, skipping
2026-07-18 09:24:58 - clashmeta found https://clash-meta.github.io/uploads/2026/07/0-20260714.yaml
2026-07-18 09:24:58 - clashmeta found https://clash-meta.github.io/uploads/2026/07/3-20260714.yaml
2026-07-18 09:24:58 - clashmeta found https://clash-meta.github.io/uploads/2026/07/4-20260714.yaml
2026-07-18 09:24:58 - clashmeta found https://clash-meta.github.io/uploads/2026/07/2-20260714.txt
2026-07-18 09:24:58 - clashmeta found https://clash-meta.github.io/uploads/2026/07/4-20260714.txt
2026-07-18 09:24:58 - clashmeta could not parse https://clash-meta.github.io/uploads/2026/07/20260714.json, skipping
2026-07-18 09:24:58 -   [WARN] Invalid YAML structure for clashmeta, type=NoneType, keys=N/A
2026-07-18 09:24:58 -   [WARN] Invalid YAML structure for clashmeta, type=NoneType, keys=N/A
2026-07-18 09:24:58 -   [WARN] Invalid YAML structure for clashmeta, type=NoneType, keys=N/A
2026-07-18 09:24:58 - v2rayshare _parse_tag https://v2rayshare.net/p/5124.html
2026-07-18 09:24:58 - v2rayshare found https://v2rayshare.net/p/5124.html on 2026-07-18
2026-07-18 09:24:58 - v2rayshare _parse_tag https://v2rayshare.net/p/5125.html
2026-07-18 09:24:58 - v2rayshare found https://v2rayshare.net/p/5125.html on 2026-07-17
2026-07-18 09:24:58 - v2rayshare _parse_tag https://v2rayshare.net/p/5126.html
2026-07-18 09:24:58 - v2rayshare found https://v2rayshare.net/p/5126.html on 2026-07-16
2026-07-18 09:24:58 - v2rayshare _parse_tag https://v2rayshare.net/p/5127.html
2026-07-18 09:24:58 - v2rayshare found https://v2rayshare.net/p/5127.html on 2026-07-15
2026-07-18 09:24:58 - v2rayshare _parse_tag https://v2rayshare.net/p/5128.html
2026-07-18 09:24:58 - v2rayshare found https://v2rayshare.net/p/5128.html on 2026-07-14
2026-07-18 09:24:58 - v2rayshare _parse_tag https://v2rayshare.net/p/5129.html
2026-07-18 09:24:58 - v2rayshare found https://v2rayshare.net/p/5129.html on 2026-07-13
2026-07-18 09:24:58 - v2rayshare _parse_tag https://v2rayshare.net/p/5130.html
2026-07-18 09:24:58 - v2rayshare found https://v2rayshare.net/p/5130.html on 2026-07-12
2026-07-18 09:24:58 - v2rayshare _parse_tag https://v2rayshare.net/p/5131.html
2026-07-18 09:24:58 - v2rayshare found https://v2rayshare.net/p/5131.html on 2026-07-11
2026-07-18 09:24:58 - v2rayshare _parse_tag https://v2rayshare.net/p/5132.html
2026-07-18 09:24:58 - v2rayshare found https://v2rayshare.net/p/5132.html on 2026-07-10
2026-07-18 09:24:58 - v2rayshare _parse_tag https://v2rayshare.net/p/5133.html
2026-07-18 09:24:58 - v2rayshare found https://v2rayshare.net/p/5133.html on 2026-07-09
2026-07-18 09:24:58 - v2rayshare latest date on website: 2026-07-18, configured up_date: 2026-07-18
2026-07-18 09:24:58 - v2rayshare is up to date, skipping (latest: 2026-07-18)
2026-07-18 09:24:58 - Target completed: v2rayshare [[OK] Success]
2026-07-18 09:24:58 -   [WARN] TXT content too small for clashmeta, skipping
2026-07-18 09:24:58 -   [WARN] TXT content too small for clashmeta, skipping
2026-07-18 09:24:58 - 
clashmeta WARNING: No files were successfully downloaded
2026-07-18 09:24:58 - Target completed: clashmeta [[FAIL] Failed]
2026-07-18 09:24:58 - wenode _parse_tag https://oneclash.cc/a/3353.html
2026-07-18 09:24:58 - wenode found https://oneclash.cc/a/3353.html on 2026-07-18
2026-07-18 09:24:58 - wenode _parse_tag https://oneclash.cc/a/3354.html
2026-07-18 09:24:58 - wenode found https://oneclash.cc/a/3354.html on 2026-07-17
2026-07-18 09:24:58 - wenode _parse_tag https://oneclash.cc/a/3355.html
2026-07-18 09:24:58 - wenode found https://oneclash.cc/a/3355.html on 2026-07-16
2026-07-18 09:24:58 - wenode _parse_tag https://oneclash.cc/a/3356.html
2026-07-18 09:24:58 - wenode found https://oneclash.cc/a/3356.html on 2026-07-15
2026-07-18 09:24:58 - wenode _parse_tag https://oneclash.cc/a/3357.html
2026-07-18 09:24:58 - wenode found https://oneclash.cc/a/3357.html on 2026-07-14
2026-07-18 09:24:58 - wenode _parse_tag https://oneclash.cc/a/3358.html
2026-07-18 09:24:58 - wenode found https://oneclash.cc/a/3358.html on 2026-07-13
2026-07-18 09:24:58 - wenode _parse_tag https://oneclash.cc/a/3359.html
2026-07-18 09:24:58 - wenode found https://oneclash.cc/a/3359.html on 2026-07-12
2026-07-18 09:24:58 - wenode _parse_tag https://oneclash.cc/a/3360.html
2026-07-18 09:24:58 - wenode found https://oneclash.cc/a/3360.html on 2026-07-11
2026-07-18 09:24:58 - wenode _parse_tag https://oneclash.cc/a/3361.html
2026-07-18 09:24:58 - wenode found https://oneclash.cc/a/3361.html on 2026-07-10
2026-07-18 09:24:58 - wenode _parse_tag https://oneclash.cc/a/3362.html
2026-07-18 09:24:58 - wenode found https://oneclash.cc/a/3362.html on 2026-07-09
2026-07-18 09:24:58 - wenode latest date on website: 2026-07-18, configured up_date: 2026-07-17
2026-07-18 09:24:58 - wenode has updates! Processing latest links...
2026-07-18 09:24:58 - 
wenode processing https://oneclash.cc/a/3353.html (2026-07-18)
2026-07-18 09:24:58 - wenode accessing https://oneclash.cc/a/3353.html
2026-07-18 09:24:58 - wenode _find_links()
2026-07-18 09:24:58 - wenode could not parse https://oss.oneclash.cc/2026/07/20260718.txt..."/, skipping
2026-07-18 09:24:58 - wenode found https://oss.oneclash.cc/2026/07/20260718.txt
2026-07-18 09:24:58 - wenode found https://oss.oneclash.cc/2026/07/20260718.yaml
2026-07-18 09:24:58 - wenode found https://oss.oneclash.cc/2026/07/m20260718.yaml
2026-07-18 09:24:59 -   [OK] Saved nodes/wenode.txt (2807 bytes)
2026-07-18 09:25:00 -   [OK] Saved nodes/wenode.yaml
2026-07-18 09:25:00 -   [OK] Saved nodes/wenode.txt (converted from YAML)
2026-07-18 09:25:00 -   [OK] Saved nodes/wenode.yaml
2026-07-18 09:25:00 -   [OK] Saved nodes/wenode.txt (converted from YAML)
2026-07-18 09:25:00 - 
wenode processing https://oneclash.cc/a/3354.html (2026-07-17)
2026-07-18 09:25:00 - wenode accessing https://oneclash.cc/a/3354.html
2026-07-18 09:25:00 - wenode _find_links()
2026-07-18 09:25:00 - wenode could not parse https://oss.oneclash.cc/2026/07/20260717.txt..."/, skipping
2026-07-18 09:25:00 - wenode found https://oss.oneclash.cc/2026/07/20260717.txt
2026-07-18 09:25:00 - wenode found https://oss.oneclash.cc/2026/07/20260717.yaml
2026-07-18 09:25:00 - wenode found https://oss.oneclash.cc/2026/07/m20260717.yaml
2026-07-18 09:25:00 -   [OK] Saved nodes/wenode.txt (2807 bytes)
2026-07-18 09:25:01 -   [OK] Saved nodes/wenode.yaml
2026-07-18 09:25:01 -   [OK] Saved nodes/wenode.txt (converted from YAML)
2026-07-18 09:25:01 -   [OK] Saved nodes/wenode.yaml
2026-07-18 09:25:01 -   [OK] Saved nodes/wenode.txt (converted from YAML)
2026-07-18 09:25:01 - 
wenode processing https://oneclash.cc/a/3355.html (2026-07-16)
2026-07-18 09:25:01 - wenode accessing https://oneclash.cc/a/3355.html
2026-07-18 09:25:01 - wenode _find_links()
2026-07-18 09:25:01 - wenode could not parse https://oss.oneclash.cc/2026/07/20260716.txt..."/, skipping
2026-07-18 09:25:01 - wenode found https://oss.oneclash.cc/2026/07/20260716.txt
2026-07-18 09:25:01 - wenode found https://oss.oneclash.cc/2026/07/20260716.yaml
2026-07-18 09:25:01 - wenode found https://oss.oneclash.cc/2026/07/m20260716.yaml
2026-07-18 09:25:01 -   [OK] Saved nodes/wenode.txt (2807 bytes)
2026-07-18 09:25:01 -   [OK] Saved nodes/wenode.yaml
2026-07-18 09:25:01 -   [OK] Saved nodes/wenode.txt (converted from YAML)
2026-07-18 09:25:01 -   [OK] Saved nodes/wenode.yaml
2026-07-18 09:25:01 -   [OK] Saved nodes/wenode.txt (converted from YAML)
2026-07-18 09:25:01 - 
wenode SUCCESS: Updated 9 files, config updated to 2026-07-18
2026-07-18 09:25:01 - Target completed: wenode [[OK] Success]
2026-07-18 09:25:01 - Session closed
2026-07-18 09:25:01 - 
============================================================
2026-07-18 09:25:01 - === Crawl Complete ===
2026-07-18 09:25:01 - ============================================================
2026-07-18 09:25:01 - Time elapsed: 4.86 seconds
2026-07-18 09:25:01 - Overall success rate: 3/6
2026-07-18 09:25:01 -   [FAIL] FAILED: ndnode
2026-07-18 09:25:01 -   [FAIL] FAILED: nodev2ray
2026-07-18 09:25:01 -   [OK] SUCCESS: nodefree
2026-07-18 09:25:01 -   [OK] SUCCESS: v2rayshare
2026-07-18 09:25:01 -   [FAIL] FAILED: clashmeta
2026-07-18 09:25:01 -   [OK] SUCCESS: wenode
